<?xml version="1.0" encoding="UTF-8"?>
<!-- Generated by org.testng.reporters.JUnitReportReporter -->
<testsuite skipped="0" hostname="ARP-260" name="tests.LatestRegressionSuite_5" tests="13" failures="0" timestamp="01 Nov 2020 09:31:01 GMT" time="1103.938" errors="0">
  <testcase name="Validate_39_aboutccm" time="62.811" classname="tests.LatestRegressionSuite_5"/>
  <testcase name="Validate_40_aboutconn" time="41.261" classname="tests.LatestRegressionSuite_5"/>
  <testcase name="Validate_41_contactus" time="49.795" classname="tests.LatestRegressionSuite_5"/>
  <testcase name="Validate_42_termsofuse" time="31.417" classname="tests.LatestRegressionSuite_5"/>
  <testcase name="Validate_43_privacypolicy" time="18.187" classname="tests.LatestRegressionSuite_5"/>
  <testcase name="Validate_44_Accessiblity" time="37.265" classname="tests.LatestRegressionSuite_5"/>
  <testcase name="Validate_45_help" time="41.987" classname="tests.LatestRegressionSuite_5"/>
  <testcase name="Validate_46_notif" time="81.972" classname="tests.LatestRegressionSuite_5"/>
  <testcase name="Validate_47_userrole" time="95.841" classname="tests.LatestRegressionSuite_5"/>
  <testcase name="Validate_48_userrole_noacccess" time="320.091" classname="tests.LatestRegressionSuite_5"/>
  <testcase name="Validate404page_49" time="80.387" classname="tests.LatestRegressionSuite_5"/>
  <testcase name="Validate_50_acct_domains" time="116.306" classname="tests.LatestRegressionSuite_5"/>
  <testcase name="Validate_51_acct_info" time="126.618" classname="tests.LatestRegressionSuite_5"/>
</testsuite> <!-- tests.LatestRegressionSuite_5 -->
