<?xml version="1.0" encoding="UTF-8"?>
<!-- Generated by org.testng.reporters.JUnitReportReporter -->
<testsuite skipped="0" hostname="ARP-260" name="tests.ValidateLinks_Management_Portal" tests="3" failures="0" timestamp="13 Dec 2019 10:49:44 GMT" time="69.081" errors="0">
  <testcase name="MgmtPortalLaunchBrowser" time="16.459" classname="tests.ValidateLinks_Management_Portal"/>
  <testcase name="ValidateLinks_mgmt_portal" time="26.979" classname="tests.ValidateLinks_Management_Portal"/>
  <testcase name="MgmtPortal_quitBrowser" time="25.643" classname="tests.ValidateLinks_Management_Portal"/>
</testsuite> <!-- tests.ValidateLinks_Management_Portal -->
