<?xml version="1.0" encoding="UTF-8"?>
<!-- Generated by org.testng.reporters.JUnitReportReporter -->
<testsuite skipped="4" hostname="ARP-260" name="tests.OldSmokeTests" tests="65" failures="0" timestamp="03 Feb 2020 07:42:31 GMT" time="937.815" errors="0">
  <testcase name="ValidateLogin" time="24.143" classname="tests.OldSmokeTests"/>
  <testcase name="ValidateMarkITPlacePage" time="7.065" classname="tests.OldSmokeTests"/>
  <testcase name="ValidateDiscoverPage" time="3.574" classname="tests.OldSmokeTests"/>
  <testcase name="ValidateApplicationPage" time="8.096" classname="tests.OldSmokeTests"/>
  <testcase name="ValidateInfrastructurePage" time="5.213" classname="tests.OldSmokeTests"/>
  <testcase name="ValidateManageTab" time="2.137" classname="tests.OldSmokeTests"/>
  <testcase name="ValidateInsightTab" time="9.362" classname="tests.OldSmokeTests"/>
  <testcase name="ValidateFooterNotificationPage" time="6.374" classname="tests.OldSmokeTests"/>
  <testcase name="ValidateLogo" time="5.964" classname="tests.OldSmokeTests"/>
  <testcase name="ValidateMyProfile" time="9.345" classname="tests.OldSmokeTests"/>
  <testcase name="ValidateEditProfile" time="1.147" classname="tests.OldSmokeTests"/>
  <testcase name="ValidateChangePassword" time="9.199" classname="tests.OldSmokeTests"/>
  <testcase name="ValidateCatalogRestriction" time="10.306" classname="tests.OldSmokeTests"/>
  <testcase name="ValidateDomainLink" time="8.033" classname="tests.OldSmokeTests"/>
  <testcase name="ValidateAddressPage" time="30.127" classname="tests.OldSmokeTests"/>
  <testcase name="ValidateUsersPage" time="16.066" classname="tests.OldSmokeTests"/>
  <testcase name="ValidateRequestTab" time="10.150" classname="tests.OldSmokeTests"/>
  <testcase name="ValidateInviteTab" time="2.073" classname="tests.OldSmokeTests"/>
  <testcase name="ValidateSearching" time="6.822" classname="tests.OldSmokeTests"/>
  <testcase name="ValidateLogout" time="6.290" classname="tests.OldSmokeTests"/>
  <testcase name="ValidateForgetPswd" time="9.858" classname="tests.OldSmokeTests"/>
  <testcase name="ValidateRegPage" time="1.904" classname="tests.OldSmokeTests"/>
  <testcase name="ValidateManagementFPswd" time="0.329" classname="tests.OldSmokeTests"/>
  <testcase name="ValidateManagementLogin" time="15.926" classname="tests.OldSmokeTests"/>
  <testcase name="ValidateMngmntSETUPTab" time="6.280" classname="tests.OldSmokeTests"/>
  <testcase name="ValidateUserHover" time="1.806" classname="tests.OldSmokeTests"/>
  <testcase name="ValidateAddNewRole" time="1.306" classname="tests.OldSmokeTests"/>
  <testcase name="ValidateEditRole" time="7.506" classname="tests.OldSmokeTests"/>
  <testcase name="ValidateCreateUser" time="12.209" classname="tests.OldSmokeTests"/>
  <testcase name="ValidateAccountsPage" time="19.248" classname="tests.OldSmokeTests"/>
  <testcase name="ValidateSelectFields" time="0.299" classname="tests.OldSmokeTests"/>
  <testcase name="ValidateExportBtn" time="0.191" classname="tests.OldSmokeTests"/>
  <testcase name="ValidateSubscription" time="2.213" classname="tests.OldSmokeTests"/>
  <testcase name="ValidateSubsSelectFields" time="0.153" classname="tests.OldSmokeTests"/>
  <testcase name="ValidateSubsExport" time="0.217" classname="tests.OldSmokeTests"/>
  <testcase name="ValidateEditSubs" time="0.447" classname="tests.OldSmokeTests"/>
  <testcase name="ValidateAssumeRole" time="63.859" classname="tests.OldSmokeTests"/>
  <testcase name="ValidateFooterSubscription" time="1.706" classname="tests.OldSmokeTests"/>
  <testcase name="ValidateFooterAccount" time="0.000" classname="tests.OldSmokeTests"/>
  <testcase name="ValidateEditAccount" time="31.763" classname="tests.OldSmokeTests"/>
  <testcase name="ValidateEditSave" time="14.524" classname="tests.OldSmokeTests"/>
  <testcase name="ValidateFooterLogo" time="0.839" classname="tests.OldSmokeTests"/>
  <testcase name="ValidateCategories" time="33.171" classname="tests.OldSmokeTests"/>
  <testcase name="ValidateSyncCategories" time="26.184" classname="tests.OldSmokeTests"/>
  <testcase name="ValidateCategoryExport" time="60.223" classname="tests.OldSmokeTests"/>
  <testcase name="ValidateSelectFieldCateg" time="30.154" classname="tests.OldSmokeTests"/>
  <testcase name="ValidateEditCategory" time="50.455" classname="tests.OldSmokeTests"/>
  <testcase name="ValidateDomainsPage" time="51.057" classname="tests.OldSmokeTests"/>
  <testcase name="ValidateDomainExport" time="25.152" classname="tests.OldSmokeTests"/>
  <testcase name="ValidateRequestPage" time="84.291" classname="tests.OldSmokeTests"/>
  <testcase name="ValidateRequestExport" time="15.143" classname="tests.OldSmokeTests"/>
  <testcase name="ValidateNotifications" time="33.565" classname="tests.OldSmokeTests"/>
  <testcase name="NotificationExport" time="15.178" classname="tests.OldSmokeTests"/>
  <testcase name="ValidateSendNotifications" time="13.873" classname="tests.OldSmokeTests"/>
  <testcase name="ValidateProviderPage" time="22.568" classname="tests.OldSmokeTests"/>
  <testcase name="ValidateProviderExport" time="5.182" classname="tests.OldSmokeTests"/>
  <testcase name="ValidateEditProvider" time="10.499" classname="tests.OldSmokeTests"/>
  <testcase name="ValidateAddProvider" time="16.715" classname="tests.OldSmokeTests"/>
  <testcase name="ValidateServicesPage" time="20.676" classname="tests.OldSmokeTests"/>
  <testcase name="ValidateServiceExport" time="35.218" classname="tests.OldSmokeTests"/>
  <testcase name="ValidateEditService" time="14.442" classname="tests.OldSmokeTests"/>
  <testcase name="ValidateLoginUser" classname="tests.OldSmokeTests">
    <skipped/>
  </testcase> <!-- ValidateLoginUser -->
  <testcase name="ValidateSetNotifications" classname="tests.OldSmokeTests">
    <skipped/>
  </testcase> <!-- ValidateSetNotifications -->
  <testcase name="ValidateAccountSettings" classname="tests.OldSmokeTests">
    <skipped/>
  </testcase> <!-- ValidateAccountSettings -->
  <testcase name="ValidateMyAccountList" classname="tests.OldSmokeTests">
    <skipped/>
  </testcase> <!-- ValidateMyAccountList -->
</testsuite> <!-- tests.OldSmokeTests -->
