<?xml version="1.0" encoding="UTF-8"?>
<!-- Generated by org.testng.reporters.JUnitReportReporter -->
<testsuite skipped="1" hostname="ARP-260" name="tests.LatestRegressionSuite_7" tests="3" failures="0" timestamp="29 Oct 2020 10:31:01 GMT" time="670.376" errors="0">
  <testcase name="estimate_partb" time="319.356" classname="tests.LatestRegressionSuite_7"/>
  <testcase name="estimate_partc_update_subscription" time="351.020" classname="tests.LatestRegressionSuite_7"/>
  <testcase name="Validate_PDP_11" classname="tests.LatestRegressionSuite_7">
    <skipped/>
  </testcase> <!-- Validate_PDP_11 -->
</testsuite> <!-- tests.LatestRegressionSuite_7 -->
