<?xml version="1.0" encoding="UTF-8"?>
<!-- Generated by org.testng.reporters.JUnitReportReporter -->
<testsuite skipped="8" hostname="ARP-260" name="tests.LatestRegressionSuite_2" tests="10" failures="0" timestamp="04 Nov 2020 06:39:23 GMT" time="175.363" errors="0">
  <testcase name="Validate_procurment_17_b" time="175.362" classname="tests.LatestRegressionSuite_2"/>
  <testcase name="Validate_multiple_service_procurment_14" time="0.001" classname="tests.LatestRegressionSuite_2"/>
  <testcase name="Validate_AccountCreation_ProcessTwo_9" classname="tests.LatestRegressionSuite_2">
    <skipped/>
  </testcase> <!-- Validate_AccountCreation_ProcessTwo_9 -->
  <testcase name="Validate_AccountCreation_ProcessTwo_10" classname="tests.LatestRegressionSuite_2">
    <skipped/>
  </testcase> <!-- Validate_AccountCreation_ProcessTwo_10 -->
  <testcase name="Validate_HomePage_13" classname="tests.LatestRegressionSuite_2">
    <skipped/>
  </testcase> <!-- Validate_HomePage_13 -->
  <testcase name="Validate_HeaderFooter_12" classname="tests.LatestRegressionSuite_2">
    <skipped/>
  </testcase> <!-- Validate_HeaderFooter_12 -->
  <testcase name="Validate_ForgotPassword_11" classname="tests.LatestRegressionSuite_2">
    <skipped/>
  </testcase> <!-- Validate_ForgotPassword_11 -->
  <testcase name="Validate_procurment_17_a" classname="tests.LatestRegressionSuite_2">
    <skipped/>
  </testcase> <!-- Validate_procurment_17_a -->
  <testcase name="Validate_procurment_17" classname="tests.LatestRegressionSuite_2">
    <skipped/>
  </testcase> <!-- Validate_procurment_17 -->
  <testcase name="Validate_AccountCreation_ProcessOne_8" classname="tests.LatestRegressionSuite_2">
    <skipped/>
  </testcase> <!-- Validate_AccountCreation_ProcessOne_8 -->
</testsuite> <!-- tests.LatestRegressionSuite_2 -->
